<?xml version="1.0" encoding="UTF-8"?>
<!-- Generated by org.testng.reporters.JUnitReportReporter -->
<testsuite hostname="Computer" name="homepage.Header" tests="1" failures="0" timestamp="14 May 2015 19:37:56 GMT" time="39.903" errors="0">
  <testcase name="headerPage" time="39.903" classname="homepage.Header"/>
</testsuite> <!-- homepage.Header -->
