<?xml version="1.0" encoding="UTF-8"?>
<!-- Generated by org.testng.reporters.JUnitReportReporter -->
<testsuite hostname="Computer" name="homepage.Footer" tests="1" failures="0" timestamp="13 May 2015 07:42:50 GMT" time="43.883" errors="0">
  <testcase name="footerTest" time="43.883" classname="homepage.Footer"/>
</testsuite> <!-- homepage.Footer -->
